<?xml version="1.0" encoding="UTF-8"?>
<testng-results ignored="0" total="2" passed="2" failed="0" skipped="0">
  <reporter-output>
  </reporter-output>
  <suite started-at="2024-07-17T02:22:45 IST" name="Suite" finished-at="2024-07-17T02:23:06 IST" duration-ms="21049">
    <groups>
    </groups>
    <test started-at="2024-07-17T02:22:45 IST" name="Test" finished-at="2024-07-17T02:23:06 IST" duration-ms="21049">
      <class name="SSquareIT.Framework.E2ETest2">
        <test-method signature="endToEndTest(java.lang.String,java.lang.String)[pri:0, instance:SSquareIT.Framework.E2ETest2@48bb62]" started-at="2024-07-17T02:22:45 IST" name="endToEndTest" data-provider="getData" finished-at="2024-07-17T02:22:56 IST" duration-ms="10936" status="PASS">
          <params>
            <param index="0">
              <value>
                <![CDATA[Adminadmin@gmail.com]]>
              </value>
            </param>
            <param index="1">
              <value>
                <![CDATA[Admin@123]]>
              </value>
            </param>
          </params>
          <reporter-output>
          </reporter-output>
        </test-method> <!-- endToEndTest -->
        <test-method signature="endToEndTest(java.lang.String,java.lang.String)[pri:0, instance:SSquareIT.Framework.E2ETest2@48bb62]" started-at="2024-07-17T02:22:56 IST" name="endToEndTest" data-provider="getData" finished-at="2024-07-17T02:23:06 IST" duration-ms="10032" status="PASS">
          <params>
            <param index="0">
              <value>
                <![CDATA[adminyourstore@gmail.com]]>
              </value>
            </param>
            <param index="1">
              <value>
                <![CDATA[Admin]]>
              </value>
            </param>
          </params>
          <reporter-output>
          </reporter-output>
        </test-method> <!-- endToEndTest -->
      </class> <!-- SSquareIT.Framework.E2ETest2 -->
    </test> <!-- Test -->
  </suite> <!-- Suite -->
</testng-results>
